2019-04-10 15:06:15.169  INFO 12132 --- [main] c.w.g.GetAllHeadersApplication           : Starting GetAllHeadersApplication on DIT540P05 with PID 12132 (D:\myProject\getAllHeaders\target\classes started by Michael_Wang in D:\myProject\getAllHeaders)
2019-04-10 15:06:15.172  INFO 12132 --- [main] c.w.g.GetAllHeadersApplication           : No active profile set, falling back to default profiles: default
2019-04-10 15:06:16.458  INFO 12132 --- [main] o.s.b.w.embedded.tomcat.TomcatWebServer  : Tomcat initialized with port(s): 8866 (http)
2019-04-10 15:06:16.486  INFO 12132 --- [main] o.apache.catalina.core.StandardService   : Starting service [Tomcat]
2019-04-10 15:06:16.487  INFO 12132 --- [main] org.apache.catalina.core.StandardEngine  : Starting Servlet engine: [Apache Tomcat/9.0.17]
2019-04-10 15:06:16.608  INFO 12132 --- [main] o.a.c.c.C.[Tomcat].[localhost].[/]       : Initializing Spring embedded WebApplicationContext
2019-04-10 15:06:16.608 DEBUG 12132 --- [main] o.s.web.context.ContextLoader            : Published root WebApplicationContext as ServletContext attribute with name [org.springframework.web.context.WebApplicationContext.ROOT]
2019-04-10 15:06:16.608  INFO 12132 --- [main] o.s.web.context.ContextLoader            : Root WebApplicationContext: initialization completed in 1394 ms
2019-04-10 15:06:16.727 DEBUG 12132 --- [main] o.s.w.s.handler.SimpleUrlHandlerMapping  : Patterns [/**/favicon.ico] in 'faviconHandlerMapping'
2019-04-10 15:06:16.830  INFO 12132 --- [main] o.s.s.concurrent.ThreadPoolTaskExecutor  : Initializing ExecutorService 'applicationTaskExecutor'
2019-04-10 15:06:16.839 DEBUG 12132 --- [main] s.w.s.m.m.a.RequestMappingHandlerAdapter : ControllerAdvice beans: 0 @ModelAttribute, 0 @InitBinder, 1 RequestBodyAdvice, 1 ResponseBodyAdvice
2019-04-10 15:06:16.898 DEBUG 12132 --- [main] s.w.s.m.m.a.RequestMappingHandlerMapping : 3 mappings in 'requestMappingHandlerMapping'
2019-04-10 15:06:16.910 DEBUG 12132 --- [main] o.s.w.s.handler.SimpleUrlHandlerMapping  : Patterns [/webjars/**, /**] in 'resourceHandlerMapping'
2019-04-10 15:06:16.918 DEBUG 12132 --- [main] .m.m.a.ExceptionHandlerExceptionResolver : ControllerAdvice beans: 0 @ExceptionHandler, 1 ResponseBodyAdvice
2019-04-10 15:06:17.033  INFO 12132 --- [main] o.s.b.w.embedded.tomcat.TomcatWebServer  : Tomcat started on port(s): 8866 (http) with context path ''
2019-04-10 15:06:17.036  INFO 12132 --- [main] c.w.g.GetAllHeadersApplication           : Started GetAllHeadersApplication in 2.227 seconds (JVM running for 2.584)
2019-04-10 15:06:33.889  INFO 12132 --- [http-nio-8866-exec-1] o.a.c.c.C.[Tomcat].[localhost].[/]       : Initializing Spring DispatcherServlet 'dispatcherServlet'
2019-04-10 15:06:33.889  INFO 12132 --- [http-nio-8866-exec-1] o.s.web.servlet.DispatcherServlet        : Initializing Servlet 'dispatcherServlet'
2019-04-10 15:06:33.890 DEBUG 12132 --- [http-nio-8866-exec-1] o.s.web.servlet.DispatcherServlet        : Detected StandardServletMultipartResolver
2019-04-10 15:06:33.894 DEBUG 12132 --- [http-nio-8866-exec-1] o.s.web.servlet.DispatcherServlet        : enableLoggingRequestDetails='false': request parameters and headers will be masked to prevent unsafe logging of potentially sensitive data
2019-04-10 15:06:33.895  INFO 12132 --- [http-nio-8866-exec-1] o.s.web.servlet.DispatcherServlet        : Completed initialization in 6 ms
2019-04-10 15:06:33.906 DEBUG 12132 --- [http-nio-8866-exec-1] o.s.web.servlet.DispatcherServlet        : GET "/", parameters={}
2019-04-10 15:06:33.913 DEBUG 12132 --- [http-nio-8866-exec-1] s.w.s.m.m.a.RequestMappingHandlerMapping : Mapped to public org.springframework.http.ResponseEntity<com.wxl.getAllHeaders.rest.model.RequestModel> com.wxl.getAllHeaders.rest.controller.GetAllHeadersController.GetResponse(org.springframework.util.MultiValueMap<java.lang.String, java.lang.String>)
2019-04-10 15:06:33.926  INFO 12132 --- [http-nio-8866-exec-1] c.w.g.r.c.GetAllHeadersController        : ##########Header START###############
2019-04-10 15:06:33.926  INFO 12132 --- [http-nio-8866-exec-1] c.w.g.r.c.GetAllHeadersController        : host:[localhost:8866]
2019-04-10 15:06:33.926  INFO 12132 --- [http-nio-8866-exec-1] c.w.g.r.c.GetAllHeadersController        : connection:[keep-alive]
2019-04-10 15:06:33.927  INFO 12132 --- [http-nio-8866-exec-1] c.w.g.r.c.GetAllHeadersController        : upgrade-insecure-requests:[1]
2019-04-10 15:06:33.927  INFO 12132 --- [http-nio-8866-exec-1] c.w.g.r.c.GetAllHeadersController        : user-agent:[Mozilla/5.0 (Windows NT 10.0; Win64; x64) AppleWebKit/537.36 (KHTML, like Gecko) Chrome/73.0.3683.103 Safari/537.36]
2019-04-10 15:06:33.927  INFO 12132 --- [http-nio-8866-exec-1] c.w.g.r.c.GetAllHeadersController        : accept:[text/html,application/xhtml+xml,application/xml;q=0.9,image/webp,image/apng,*/*;q=0.8,application/signed-exchange;v=b3]
2019-04-10 15:06:33.927  INFO 12132 --- [http-nio-8866-exec-1] c.w.g.r.c.GetAllHeadersController        : accept-encoding:[gzip, deflate, br]
2019-04-10 15:06:33.927  INFO 12132 --- [http-nio-8866-exec-1] c.w.g.r.c.GetAllHeadersController        : accept-language:[en-US,en;q=0.9,zh-CN;q=0.8,zh;q=0.7]
2019-04-10 15:06:33.927  INFO 12132 --- [http-nio-8866-exec-1] c.w.g.r.c.GetAllHeadersController        : ##########Header END###############
2019-04-10 15:06:33.937 DEBUG 12132 --- [http-nio-8866-exec-1] o.s.w.s.m.m.a.HttpEntityMethodProcessor  : Using 'application/json;q=0.8', given [text/html, application/xhtml+xml, image/webp, image/apng, application/signed-exchange;v=b3, application/xml;q=0.9, */*;q=0.8] and supported [application/json]
2019-04-10 15:06:33.968 DEBUG 12132 --- [http-nio-8866-exec-1] o.s.w.s.m.m.a.HttpEntityMethodProcessor  : Writing [com.wxl.getAllHeaders.rest.model.RequestModel@25313d53]
2019-04-10 15:06:33.982 DEBUG 12132 --- [http-nio-8866-exec-1] o.s.web.servlet.DispatcherServlet        : Completed 200 OK
